2020-05-31 15:15:57,645 ERROR [django.request:228] Internal Server Error: /cart/add
Traceback (most recent call last):
  File "C:\Python3\lib\site-packages\django\core\handlers\exception.py", line 34, in inner
    response = get_response(request)
  File "C:\Python3\lib\site-packages\django\utils\deprecation.py", line 93, in __call__
    response = self.process_request(request)
  File "C:\Python3\lib\site-packages\django\middleware\common.py", line 53, in process_request
    path = self.get_full_path_with_slash(request)
  File "C:\Python3\lib\site-packages\django\middleware\common.py", line 93, in get_full_path_with_slash
    'url': request.get_host() + new_path,
RuntimeError: You called this URL via POST, but the URL doesn't end in a slash and you have APPEND_SLASH set. Django can't redirect to the slash URL while maintaining POST data. Change your form to point to 127.0.0.1:8000/cart/add/ (note the trailing slash), or set APPEND_SLASH=False in your Django settings.
2020-05-31 15:16:10,782 ERROR [django.request:228] Internal Server Error: /cart/add
Traceback (most recent call last):
  File "C:\Python3\lib\site-packages\django\core\handlers\exception.py", line 34, in inner
    response = get_response(request)
  File "C:\Python3\lib\site-packages\django\utils\deprecation.py", line 93, in __call__
    response = self.process_request(request)
  File "C:\Python3\lib\site-packages\django\middleware\common.py", line 53, in process_request
    path = self.get_full_path_with_slash(request)
  File "C:\Python3\lib\site-packages\django\middleware\common.py", line 93, in get_full_path_with_slash
    'url': request.get_host() + new_path,
RuntimeError: You called this URL via POST, but the URL doesn't end in a slash and you have APPEND_SLASH set. Django can't redirect to the slash URL while maintaining POST data. Change your form to point to 127.0.0.1:8000/cart/add/ (note the trailing slash), or set APPEND_SLASH=False in your Django settings.
2020-05-31 15:16:11,478 ERROR [django.request:228] Internal Server Error: /cart/add
Traceback (most recent call last):
  File "C:\Python3\lib\site-packages\django\core\handlers\exception.py", line 34, in inner
    response = get_response(request)
  File "C:\Python3\lib\site-packages\django\utils\deprecation.py", line 93, in __call__
    response = self.process_request(request)
  File "C:\Python3\lib\site-packages\django\middleware\common.py", line 53, in process_request
    path = self.get_full_path_with_slash(request)
  File "C:\Python3\lib\site-packages\django\middleware\common.py", line 93, in get_full_path_with_slash
    'url': request.get_host() + new_path,
RuntimeError: You called this URL via POST, but the URL doesn't end in a slash and you have APPEND_SLASH set. Django can't redirect to the slash URL while maintaining POST data. Change your form to point to 127.0.0.1:8000/cart/add/ (note the trailing slash), or set APPEND_SLASH=False in your Django settings.
2020-05-31 15:16:57,977 ERROR [django.request:228] Internal Server Error: /cart/add
Traceback (most recent call last):
  File "C:\Python3\lib\site-packages\django\core\handlers\exception.py", line 34, in inner
    response = get_response(request)
  File "C:\Python3\lib\site-packages\django\utils\deprecation.py", line 93, in __call__
    response = self.process_request(request)
  File "C:\Python3\lib\site-packages\django\middleware\common.py", line 53, in process_request
    path = self.get_full_path_with_slash(request)
  File "C:\Python3\lib\site-packages\django\middleware\common.py", line 93, in get_full_path_with_slash
    'url': request.get_host() + new_path,
RuntimeError: You called this URL via POST, but the URL doesn't end in a slash and you have APPEND_SLASH set. Django can't redirect to the slash URL while maintaining POST data. Change your form to point to 127.0.0.1:8000/cart/add/ (note the trailing slash), or set APPEND_SLASH=False in your Django settings.
2020-05-31 15:17:15,045 ERROR [django.request:228] Internal Server Error: /cart/add
Traceback (most recent call last):
  File "C:\Python3\lib\site-packages\django\core\handlers\exception.py", line 34, in inner
    response = get_response(request)
  File "C:\Python3\lib\site-packages\django\utils\deprecation.py", line 93, in __call__
    response = self.process_request(request)
  File "C:\Python3\lib\site-packages\django\middleware\common.py", line 53, in process_request
    path = self.get_full_path_with_slash(request)
  File "C:\Python3\lib\site-packages\django\middleware\common.py", line 93, in get_full_path_with_slash
    'url': request.get_host() + new_path,
RuntimeError: You called this URL via POST, but the URL doesn't end in a slash and you have APPEND_SLASH set. Django can't redirect to the slash URL while maintaining POST data. Change your form to point to 127.0.0.1:8000/cart/add/ (note the trailing slash), or set APPEND_SLASH=False in your Django settings.
2020-05-31 15:17:15,838 ERROR [django.request:228] Internal Server Error: /cart/add
Traceback (most recent call last):
  File "C:\Python3\lib\site-packages\django\core\handlers\exception.py", line 34, in inner
    response = get_response(request)
  File "C:\Python3\lib\site-packages\django\utils\deprecation.py", line 93, in __call__
    response = self.process_request(request)
  File "C:\Python3\lib\site-packages\django\middleware\common.py", line 53, in process_request
    path = self.get_full_path_with_slash(request)
  File "C:\Python3\lib\site-packages\django\middleware\common.py", line 93, in get_full_path_with_slash
    'url': request.get_host() + new_path,
RuntimeError: You called this URL via POST, but the URL doesn't end in a slash and you have APPEND_SLASH set. Django can't redirect to the slash URL while maintaining POST data. Change your form to point to 127.0.0.1:8000/cart/add/ (note the trailing slash), or set APPEND_SLASH=False in your Django settings.
2020-05-31 15:17:16,012 ERROR [django.request:228] Internal Server Error: /cart/add
Traceback (most recent call last):
  File "C:\Python3\lib\site-packages\django\core\handlers\exception.py", line 34, in inner
    response = get_response(request)
  File "C:\Python3\lib\site-packages\django\utils\deprecation.py", line 93, in __call__
    response = self.process_request(request)
  File "C:\Python3\lib\site-packages\django\middleware\common.py", line 53, in process_request
    path = self.get_full_path_with_slash(request)
  File "C:\Python3\lib\site-packages\django\middleware\common.py", line 93, in get_full_path_with_slash
    'url': request.get_host() + new_path,
RuntimeError: You called this URL via POST, but the URL doesn't end in a slash and you have APPEND_SLASH set. Django can't redirect to the slash URL while maintaining POST data. Change your form to point to 127.0.0.1:8000/cart/add/ (note the trailing slash), or set APPEND_SLASH=False in your Django settings.
2020-05-31 15:17:16,873 ERROR [django.request:228] Internal Server Error: /cart/add
Traceback (most recent call last):
  File "C:\Python3\lib\site-packages\django\core\handlers\exception.py", line 34, in inner
    response = get_response(request)
  File "C:\Python3\lib\site-packages\django\utils\deprecation.py", line 93, in __call__
    response = self.process_request(request)
  File "C:\Python3\lib\site-packages\django\middleware\common.py", line 53, in process_request
    path = self.get_full_path_with_slash(request)
  File "C:\Python3\lib\site-packages\django\middleware\common.py", line 93, in get_full_path_with_slash
    'url': request.get_host() + new_path,
RuntimeError: You called this URL via POST, but the URL doesn't end in a slash and you have APPEND_SLASH set. Django can't redirect to the slash URL while maintaining POST data. Change your form to point to 127.0.0.1:8000/cart/add/ (note the trailing slash), or set APPEND_SLASH=False in your Django settings.
2020-05-31 15:17:17,115 ERROR [django.request:228] Internal Server Error: /cart/add
Traceback (most recent call last):
  File "C:\Python3\lib\site-packages\django\core\handlers\exception.py", line 34, in inner
    response = get_response(request)
  File "C:\Python3\lib\site-packages\django\utils\deprecation.py", line 93, in __call__
    response = self.process_request(request)
  File "C:\Python3\lib\site-packages\django\middleware\common.py", line 53, in process_request
    path = self.get_full_path_with_slash(request)
  File "C:\Python3\lib\site-packages\django\middleware\common.py", line 93, in get_full_path_with_slash
    'url': request.get_host() + new_path,
RuntimeError: You called this URL via POST, but the URL doesn't end in a slash and you have APPEND_SLASH set. Django can't redirect to the slash URL while maintaining POST data. Change your form to point to 127.0.0.1:8000/cart/add/ (note the trailing slash), or set APPEND_SLASH=False in your Django settings.
2020-05-31 15:17:18,153 ERROR [django.request:228] Internal Server Error: /cart/add
Traceback (most recent call last):
  File "C:\Python3\lib\site-packages\django\core\handlers\exception.py", line 34, in inner
    response = get_response(request)
  File "C:\Python3\lib\site-packages\django\utils\deprecation.py", line 93, in __call__
    response = self.process_request(request)
  File "C:\Python3\lib\site-packages\django\middleware\common.py", line 53, in process_request
    path = self.get_full_path_with_slash(request)
  File "C:\Python3\lib\site-packages\django\middleware\common.py", line 93, in get_full_path_with_slash
    'url': request.get_host() + new_path,
RuntimeError: You called this URL via POST, but the URL doesn't end in a slash and you have APPEND_SLASH set. Django can't redirect to the slash URL while maintaining POST data. Change your form to point to 127.0.0.1:8000/cart/add/ (note the trailing slash), or set APPEND_SLASH=False in your Django settings.
2020-05-31 15:17:23,083 ERROR [django.request:228] Internal Server Error: /cart/add
Traceback (most recent call last):
  File "C:\Python3\lib\site-packages\django\core\handlers\exception.py", line 34, in inner
    response = get_response(request)
  File "C:\Python3\lib\site-packages\django\utils\deprecation.py", line 93, in __call__
    response = self.process_request(request)
  File "C:\Python3\lib\site-packages\django\middleware\common.py", line 53, in process_request
    path = self.get_full_path_with_slash(request)
  File "C:\Python3\lib\site-packages\django\middleware\common.py", line 93, in get_full_path_with_slash
    'url': request.get_host() + new_path,
RuntimeError: You called this URL via POST, but the URL doesn't end in a slash and you have APPEND_SLASH set. Django can't redirect to the slash URL while maintaining POST data. Change your form to point to 127.0.0.1:8000/cart/add/ (note the trailing slash), or set APPEND_SLASH=False in your Django settings.
2020-05-31 15:20:34,930 INFO  [django.utils.autoreload:578] Watching for file changes with StatReloader
2020-05-31 15:21:06,572 ERROR [django.request:228] Internal Server Error: /cart/add
Traceback (most recent call last):
  File "C:\Python3\lib\site-packages\django\core\handlers\exception.py", line 34, in inner
    response = get_response(request)
  File "C:\Python3\lib\site-packages\django\utils\deprecation.py", line 93, in __call__
    response = self.process_request(request)
  File "C:\Python3\lib\site-packages\django\middleware\common.py", line 53, in process_request
    path = self.get_full_path_with_slash(request)
  File "C:\Python3\lib\site-packages\django\middleware\common.py", line 93, in get_full_path_with_slash
    'url': request.get_host() + new_path,
RuntimeError: You called this URL via POST, but the URL doesn't end in a slash and you have APPEND_SLASH set. Django can't redirect to the slash URL while maintaining POST data. Change your form to point to 127.0.0.1:8000/cart/add/ (note the trailing slash), or set APPEND_SLASH=False in your Django settings.
2020-05-31 15:23:00,014 WARNI [django.request:228] Not Found: /favicon.ico
2020-05-31 15:46:44,603 ERROR [django.request:228] Internal Server Error: /cart/add
Traceback (most recent call last):
  File "C:\Python3\lib\site-packages\django\core\handlers\exception.py", line 34, in inner
    response = get_response(request)
  File "C:\Python3\lib\site-packages\django\utils\deprecation.py", line 93, in __call__
    response = self.process_request(request)
  File "C:\Python3\lib\site-packages\django\middleware\common.py", line 53, in process_request
    path = self.get_full_path_with_slash(request)
  File "C:\Python3\lib\site-packages\django\middleware\common.py", line 93, in get_full_path_with_slash
    'url': request.get_host() + new_path,
RuntimeError: You called this URL via POST, but the URL doesn't end in a slash and you have APPEND_SLASH set. Django can't redirect to the slash URL while maintaining POST data. Change your form to point to 127.0.0.1:8000/cart/add/ (note the trailing slash), or set APPEND_SLASH=False in your Django settings.
2020-05-31 15:49:06,995 INFO  [django.utils.autoreload:578] Watching for file changes with StatReloader
2020-05-31 15:49:17,108 ERROR [django.request:228] Internal Server Error: /cart/add
Traceback (most recent call last):
  File "C:\Python3\lib\site-packages\django\core\handlers\exception.py", line 34, in inner
    response = get_response(request)
  File "C:\Python3\lib\site-packages\django\core\handlers\base.py", line 115, in _get_response
    response = self.process_exception_by_middleware(e, request)
  File "C:\Python3\lib\site-packages\django\core\handlers\base.py", line 113, in _get_response
    response = wrapped_callback(request, *callback_args, **callback_kwargs)
  File "C:\Python3\lib\site-packages\django\views\generic\base.py", line 71, in view
    return self.dispatch(request, *args, **kwargs)
  File "C:\Python3\lib\site-packages\django\views\generic\base.py", line 97, in dispatch
    return handler(request, *args, **kwargs)
  File "D:\sweetshop\apps\cart\views.py", line 26, in post
    if not user.is_authenticated():
TypeError: 'bool' object is not callable
2020-05-31 15:50:24,057 INFO  [django.utils.autoreload:203] D:\sweetshop\apps\cart\views.py changed, reloading.
2020-05-31 15:50:25,997 INFO  [django.utils.autoreload:578] Watching for file changes with StatReloader
2020-05-31 15:50:30,550 ERROR [django.request:228] Internal Server Error: /cart/add
Traceback (most recent call last):
  File "C:\Python3\lib\site-packages\django\core\handlers\exception.py", line 34, in inner
    response = get_response(request)
  File "C:\Python3\lib\site-packages\django\core\handlers\base.py", line 115, in _get_response
    response = self.process_exception_by_middleware(e, request)
  File "C:\Python3\lib\site-packages\django\core\handlers\base.py", line 113, in _get_response
    response = wrapped_callback(request, *callback_args, **callback_kwargs)
  File "C:\Python3\lib\site-packages\django\views\generic\base.py", line 71, in view
    return self.dispatch(request, *args, **kwargs)
  File "C:\Python3\lib\site-packages\django\views\generic\base.py", line 97, in dispatch
    return handler(request, *args, **kwargs)
  File "D:\sweetshop\apps\cart\views.py", line 26, in post
    if not user.is_authenticated():
TypeError: 'bool' object is not callable
2020-05-31 15:50:38,304 INFO  [django.utils.autoreload:578] Watching for file changes with StatReloader
2020-05-31 15:50:45,079 ERROR [django.request:228] Internal Server Error: /cart/add
Traceback (most recent call last):
  File "C:\Python3\lib\site-packages\django\core\handlers\exception.py", line 34, in inner
    response = get_response(request)
  File "C:\Python3\lib\site-packages\django\core\handlers\base.py", line 115, in _get_response
    response = self.process_exception_by_middleware(e, request)
  File "C:\Python3\lib\site-packages\django\core\handlers\base.py", line 113, in _get_response
    response = wrapped_callback(request, *callback_args, **callback_kwargs)
  File "C:\Python3\lib\site-packages\django\views\generic\base.py", line 71, in view
    return self.dispatch(request, *args, **kwargs)
  File "C:\Python3\lib\site-packages\django\views\generic\base.py", line 97, in dispatch
    return handler(request, *args, **kwargs)
  File "D:\sweetshop\apps\cart\views.py", line 26, in post
    if not user.is_authenticated():
TypeError: 'bool' object is not callable
2020-05-31 15:50:57,521 INFO  [django.utils.autoreload:203] D:\sweetshop\apps\cart\views.py changed, reloading.
2020-05-31 15:50:59,447 INFO  [django.utils.autoreload:578] Watching for file changes with StatReloader
2020-05-31 21:03:51,205 INFO  [goods.views:26] …Ë÷√ª∫¥Ê
2020-05-31 21:04:01,162 WARNI [django.request:228] Not Found: /index/cart.html
2020-05-31 21:10:52,063 WARNI [django.request:228] Not Found: /index/cart.html
2020-05-31 21:11:18,079 INFO  [django.utils.autoreload:578] Watching for file changes with StatReloader
2020-05-31 21:11:41,739 WARNI [django.request:228] Not Found: /index/cart.html
2020-05-31 21:11:57,719 WARNI [django.request:228] Not Found: /index/cart.html
2020-05-31 21:12:36,631 INFO  [user.views:234] goods_li = [<GoodsSKU: GoodsSKU object (65)>, <GoodsSKU: GoodsSKU object (60)>, <GoodsSKU: GoodsSKU object (74)>, <GoodsSKU: GoodsSKU object (67)>, <GoodsSKU: GoodsSKU object (78)>]
2020-05-31 21:12:42,844 WARNI [django.request:228] Not Found: /index/cart.html
2020-05-31 21:13:49,528 INFO  [user.views:234] goods_li = [<GoodsSKU: GoodsSKU object (65)>, <GoodsSKU: GoodsSKU object (60)>, <GoodsSKU: GoodsSKU object (74)>, <GoodsSKU: GoodsSKU object (67)>, <GoodsSKU: GoodsSKU object (78)>]
2020-05-31 21:13:52,539 WARNI [django.request:228] Not Found: /user/images/goods02.jpg
2020-05-31 21:14:59,890 WARNI [django.request:228] Not Found: /cart/images/goods/goods012.jpg
2020-05-31 21:14:59,916 WARNI [django.request:228] Not Found: /cart/images/goods/goods003.jpg
2020-05-31 21:15:05,255 WARNI [django.request:228] Not Found: /cart/place_order.html
2020-05-31 21:16:54,019 INFO  [user.views:146] username:admin
2020-05-31 21:16:54,020 INFO  [user.views:147] password:admin
2020-05-31 21:16:55,204 WARNI [django.request:228] Not Found: /cart/images/goods/goods003.jpg
2020-05-31 21:16:55,210 WARNI [django.request:228] Not Found: /cart/images/goods/goods012.jpg
2020-05-31 21:18:25,101 WARNI [django.request:228] Not Found: /cart/images/goods/goods003.jpg
2020-05-31 22:12:45,882 INFO  [goods.views:26] …Ë÷√ª∫¥Ê
2020-06-01 09:55:19,725 INFO  [django.utils.autoreload:578] Watching for file changes with StatReloader
2020-06-01 09:57:45,163 WARNI [django.request:228] Not Found: /favicon.ico
2020-06-01 09:58:00,298 DEBUG [jieba:113] Building prefix dict from the default dictionary ...
2020-06-01 09:58:00,359 DEBUG [jieba:133] Loading model from cache C:\Users\Public\Documents\Wondershare\CreatorTemp\jieba.cache
2020-06-01 09:58:01,461 DEBUG [jieba:165] Loading model cost 1.163 seconds.
2020-06-01 09:58:01,461 DEBUG [jieba:166] Prefix dict has been built successfully.
2020-06-01 09:58:04,271 INFO  [goods.views:26] …Ë÷√ª∫¥Ê
2020-06-01 10:46:26,357 INFO  [django.utils.autoreload:578] Watching for file changes with StatReloader
2020-06-01 10:52:43,820 INFO  [django.utils.autoreload:203] D:\sweetshop\apps\cart\views.py changed, reloading.
2020-06-01 10:52:48,337 INFO  [django.utils.autoreload:578] Watching for file changes with StatReloader
2020-06-01 10:52:50,894 INFO  [cart.views:115] total_count: 6
2020-06-01 10:52:54,690 INFO  [cart.views:115] total_count: 6
2020-06-01 10:57:08,625 INFO  [django.utils.autoreload:203] D:\sweetshop\sweetshop\settings.py changed, reloading.
2020-06-01 10:57:09,963 INFO  [django.utils.autoreload:578] Watching for file changes with StatReloader
2020-06-01 10:57:22,269 INFO  [django.utils.autoreload:203] D:\sweetshop\sweetshop\settings.py changed, reloading.
2020-06-01 10:57:26,759 INFO  [django.utils.autoreload:578] Watching for file changes with StatReloader
2020-06-01 10:57:39,927 INFO  [user.views:146] username:admin
2020-06-01 10:57:39,928 INFO  [user.views:147] password:admin
2020-06-01 10:57:40,812 INFO  [user.views:146] username:admin
2020-06-01 10:57:40,812 INFO  [user.views:147] password:admin
2020-06-01 10:57:42,603 ERROR [django.request:228] Internal Server Error: /user/login
Traceback (most recent call last):
  File "C:\Python3\lib\site-packages\django\core\handlers\exception.py", line 34, in inner
    response = get_response(request)
  File "C:\Python3\lib\site-packages\django\utils\deprecation.py", line 96, in __call__
    response = self.process_response(request, response)
  File "C:\Python3\lib\site-packages\django\contrib\sessions\middleware.py", line 58, in process_response
    request.session.save()
  File "C:\Python3\lib\site-packages\django\contrib\sessions\backends\cache.py", line 59, in save
    elif self._cache.get(self.cache_key) is not None:
  File "C:\Python3\lib\site-packages\django_redis\cache.py", line 32, in _decorator
    return method(self, *args, **kwargs)
  File "C:\Python3\lib\site-packages\django_redis\cache.py", line 81, in get
    client=client)
  File "C:\Python3\lib\site-packages\django_redis\client\default.py", line 199, in get
    value = client.get(key)
  File "C:\Python3\lib\site-packages\redis\client.py", line 1606, in get
    return self.execute_command('GET', name)
  File "C:\Python3\lib\site-packages\redis\client.py", line 901, in execute_command
    return self.parse_response(conn, command_name, **options)
  File "C:\Python3\lib\site-packages\redis\client.py", line 915, in parse_response
    response = connection.read_response()
  File "C:\Python3\lib\site-packages\redis\connection.py", line 730, in read_response
    response = self._parser.read_response()
  File "C:\Python3\lib\site-packages\redis\connection.py", line 362, in read_response
    response = self.encoder.decode(response)
  File "C:\Python3\lib\site-packages\redis\connection.py", line 131, in decode
    value = value.decode(self.encoding, self.encoding_errors)
UnicodeDecodeError: 'utf-8' codec can't decode byte 0x80 in position 0: invalid start byte
2020-06-01 10:57:42,613 ERROR [django.request:228] Internal Server Error: /user/login
Traceback (most recent call last):
  File "C:\Python3\lib\site-packages\django\core\handlers\exception.py", line 34, in inner
    response = get_response(request)
  File "C:\Python3\lib\site-packages\django\utils\deprecation.py", line 96, in __call__
    response = self.process_response(request, response)
  File "C:\Python3\lib\site-packages\django\contrib\sessions\middleware.py", line 58, in process_response
    request.session.save()
  File "C:\Python3\lib\site-packages\django\contrib\sessions\backends\cache.py", line 59, in save
    elif self._cache.get(self.cache_key) is not None:
  File "C:\Python3\lib\site-packages\django_redis\cache.py", line 32, in _decorator
    return method(self, *args, **kwargs)
  File "C:\Python3\lib\site-packages\django_redis\cache.py", line 81, in get
    client=client)
  File "C:\Python3\lib\site-packages\django_redis\client\default.py", line 199, in get
    value = client.get(key)
  File "C:\Python3\lib\site-packages\redis\client.py", line 1606, in get
    return self.execute_command('GET', name)
  File "C:\Python3\lib\site-packages\redis\client.py", line 901, in execute_command
    return self.parse_response(conn, command_name, **options)
  File "C:\Python3\lib\site-packages\redis\client.py", line 915, in parse_response
    response = connection.read_response()
  File "C:\Python3\lib\site-packages\redis\connection.py", line 730, in read_response
    response = self._parser.read_response()
  File "C:\Python3\lib\site-packages\redis\connection.py", line 362, in read_response
    response = self.encoder.decode(response)
  File "C:\Python3\lib\site-packages\redis\connection.py", line 131, in decode
    value = value.decode(self.encoding, self.encoding_errors)
UnicodeDecodeError: 'utf-8' codec can't decode byte 0x80 in position 0: invalid start byte
2020-06-01 10:58:19,949 INFO  [django.utils.autoreload:203] D:\sweetshop\sweetshop\settings.py changed, reloading.
2020-06-01 10:58:21,362 INFO  [django.utils.autoreload:578] Watching for file changes with StatReloader
2020-06-01 10:58:32,793 INFO  [user.views:146] username:admin
2020-06-01 10:58:32,793 INFO  [user.views:147] password:admin
2020-06-01 10:58:33,115 INFO  [cart.views:115] total_count: 6
2020-06-01 11:01:28,757 INFO  [cart.views:115] total_count: 6
2020-06-01 11:01:29,693 INFO  [cart.views:115] total_count: 6
2020-06-01 11:01:30,066 INFO  [cart.views:115] total_count: 6
2020-06-01 11:01:30,813 INFO  [cart.views:115] total_count: 6
2020-06-01 11:10:16,058 INFO  [cart.views:115] total_count: 6
2020-06-01 11:10:17,024 INFO  [django.utils.autoreload:203] D:\sweetshop\apps\cart\views.py changed, reloading.
2020-06-01 11:10:28,149 INFO  [django.utils.autoreload:578] Watching for file changes with StatReloader
2020-06-01 11:11:01,374 INFO  [cart.views:109] count: b'1'
2020-06-01 11:11:01,376 INFO  [cart.views:109] count: b'1'
2020-06-01 11:11:01,377 INFO  [cart.views:109] count: b'1'
2020-06-01 11:11:01,379 INFO  [cart.views:109] count: b'3'
2020-06-01 11:12:26,191 INFO  [django.utils.autoreload:203] D:\sweetshop\apps\cart\views.py changed, reloading.
2020-06-01 11:12:27,712 INFO  [django.utils.autoreload:578] Watching for file changes with StatReloader
2020-06-01 11:13:14,319 INFO  [django.utils.autoreload:203] D:\sweetshop\apps\cart\views.py changed, reloading.
2020-06-01 11:13:15,738 INFO  [django.utils.autoreload:578] Watching for file changes with StatReloader
2020-06-01 11:13:18,127 INFO  [cart.views:109] count: b'1'
2020-06-01 11:13:18,157 INFO  [cart.views:109] count: b'1'
2020-06-01 11:13:18,167 INFO  [cart.views:109] count: b'1'
2020-06-01 11:13:18,169 INFO  [cart.views:109] count: b'3'
2020-06-01 11:13:44,238 INFO  [cart.views:109] count: b'1'
2020-06-01 11:13:44,241 INFO  [cart.views:109] count: b'1'
2020-06-01 11:13:44,244 INFO  [cart.views:109] count: b'1'
2020-06-01 11:13:44,246 INFO  [cart.views:109] count: b'3'
2020-06-01 11:13:44,592 INFO  [django.utils.autoreload:203] D:\sweetshop\apps\cart\views.py changed, reloading.
2020-06-01 11:13:45,785 INFO  [django.utils.autoreload:578] Watching for file changes with StatReloader
2020-06-01 11:13:48,777 INFO  [cart.views:109] count: b'1'
2020-06-01 11:13:48,780 INFO  [cart.views:109] count: b'1'
2020-06-01 11:13:48,782 INFO  [cart.views:109] count: b'1'
2020-06-01 11:13:48,785 INFO  [cart.views:109] count: b'3'
2020-06-01 11:13:55,877 INFO  [cart.views:109] count: b'1'
2020-06-01 11:13:55,880 INFO  [cart.views:109] count: b'1'
2020-06-01 11:13:55,883 INFO  [cart.views:109] count: b'1'
2020-06-01 11:13:55,885 INFO  [cart.views:109] count: b'3'
2020-06-01 11:20:57,611 INFO  [cart.views:109] count: b'1'
2020-06-01 11:20:57,613 INFO  [cart.views:109] count: b'1'
2020-06-01 11:20:57,616 INFO  [cart.views:109] count: b'1'
2020-06-01 11:20:57,618 INFO  [cart.views:109] count: b'3'
2020-06-01 11:46:50,872 INFO  [cart.views:109] count: b'1'
2020-06-01 11:46:50,875 INFO  [cart.views:109] count: b'1'
2020-06-01 11:46:50,877 INFO  [cart.views:109] count: b'1'
2020-06-01 11:46:50,880 INFO  [cart.views:109] count: b'3'
2020-06-01 11:47:43,885 INFO  [cart.views:109] count: b'1'
2020-06-01 11:47:43,894 INFO  [cart.views:109] count: b'1'
2020-06-01 11:47:43,896 INFO  [cart.views:109] count: b'1'
2020-06-01 11:47:43,910 INFO  [cart.views:109] count: b'3'
2020-06-01 15:54:48,928 INFO  [cart.views:109] count: b'1'
2020-06-01 15:54:48,895 INFO  [cart.views:109] count: b'1'
2020-06-01 15:54:48,980 INFO  [cart.views:109] count: b'1'
2020-06-01 15:54:49,010 INFO  [cart.views:109] count: b'1'
2020-06-01 15:54:49,011 INFO  [cart.views:109] count: b'1'
2020-06-01 15:54:49,012 INFO  [cart.views:109] count: b'1'
2020-06-01 15:54:49,015 INFO  [cart.views:109] count: b'3'
2020-06-01 15:54:49,034 INFO  [cart.views:109] count: b'3'
2020-06-01 15:55:23,562 DEBUG [jieba:113] Building prefix dict from the default dictionary ...
2020-06-01 15:55:23,678 DEBUG [jieba:133] Loading model from cache C:\Users\Public\Documents\Wondershare\CreatorTemp\jieba.cache
2020-06-01 15:55:25,003 DEBUG [jieba:165] Loading model cost 1.441 seconds.
2020-06-01 15:55:25,026 DEBUG [jieba:166] Prefix dict has been built successfully.
2020-06-01 15:55:28,446 INFO  [goods.views:26] …Ë÷√ª∫¥Ê
2020-06-01 15:55:37,389 INFO  [cart.views:109] count: b'1'
2020-06-01 15:55:37,405 INFO  [cart.views:109] count: b'1'
2020-06-01 15:55:37,445 INFO  [cart.views:109] count: b'1'
2020-06-01 15:55:37,447 INFO  [cart.views:109] count: b'3'
2020-06-01 15:55:37,449 INFO  [cart.views:109] count: b'2'
2020-06-01 15:55:39,922 WARNI [django.request:228] Not Found: /cart/update
2020-06-01 15:55:41,821 WARNI [django.request:228] Not Found: /cart/update
2020-06-01 15:55:42,216 WARNI [django.request:228] Not Found: /cart/update
2020-06-01 15:55:42,560 WARNI [django.request:228] Not Found: /cart/update
2020-06-01 15:55:42,920 WARNI [django.request:228] Not Found: /cart/update
2020-06-01 15:55:45,617 WARNI [django.request:228] Not Found: /cart/update
2020-06-01 15:55:45,936 WARNI [django.request:228] Not Found: /cart/update
2020-06-01 15:55:46,335 WARNI [django.request:228] Not Found: /cart/update
2020-06-01 15:55:46,551 WARNI [django.request:228] Not Found: /cart/update
2020-06-01 15:55:46,760 WARNI [django.request:228] Not Found: /cart/update
2020-06-01 15:55:55,101 WARNI [django.request:228] Not Found: /cart/update
2020-06-01 15:55:55,486 WARNI [django.request:228] Not Found: /cart/update
2020-06-01 15:55:55,693 WARNI [django.request:228] Not Found: /cart/update
2020-06-01 16:37:23,170 INFO  [cart.views:109] count: b'1'
2020-06-01 16:37:23,172 INFO  [cart.views:109] count: b'1'
2020-06-01 16:37:23,175 INFO  [cart.views:109] count: b'1'
2020-06-01 16:37:23,177 INFO  [cart.views:109] count: b'3'
2020-06-01 16:37:23,179 INFO  [cart.views:109] count: b'2'
2020-06-01 16:44:01,443 INFO  [cart.views:109] count: b'1'
2020-06-01 16:44:01,456 INFO  [cart.views:109] count: b'1'
2020-06-01 16:44:01,457 INFO  [cart.views:109] count: b'1'
2020-06-01 16:44:01,459 INFO  [cart.views:109] count: b'3'
2020-06-01 16:44:01,461 INFO  [cart.views:109] count: b'2'
2020-06-01 16:44:02,593 INFO  [cart.views:109] count: b'1'
2020-06-01 16:44:02,595 INFO  [cart.views:109] count: b'1'
2020-06-01 16:44:02,598 INFO  [cart.views:109] count: b'1'
2020-06-01 16:44:02,601 INFO  [cart.views:109] count: b'3'
2020-06-01 16:44:02,603 INFO  [cart.views:109] count: b'2'
2020-06-01 16:44:04,574 WARNI [django.request:228] Not Found: /cart/update
2020-06-01 16:44:05,517 WARNI [django.request:228] Not Found: /cart/update
2020-06-01 16:44:06,511 WARNI [django.request:228] Not Found: /cart/update
2020-06-01 16:44:24,527 WARNI [django.request:228] Not Found: /cart/update
2020-06-01 16:44:25,632 WARNI [django.request:228] Not Found: /cart/update
2020-06-01 16:51:59,934 INFO  [cart.views:109] count: b'1'
2020-06-01 16:51:59,936 INFO  [cart.views:109] count: b'1'
2020-06-01 16:51:59,938 INFO  [cart.views:109] count: b'1'
2020-06-01 16:51:59,941 INFO  [cart.views:109] count: b'3'
2020-06-01 16:51:59,943 INFO  [cart.views:109] count: b'2'
2020-06-01 16:52:00,737 INFO  [cart.views:109] count: b'1'
2020-06-01 16:52:00,740 INFO  [cart.views:109] count: b'1'
2020-06-01 16:52:00,743 INFO  [cart.views:109] count: b'1'
2020-06-01 16:52:00,745 INFO  [cart.views:109] count: b'3'
2020-06-01 16:52:00,747 INFO  [cart.views:109] count: b'2'
2020-06-01 16:52:02,857 WARNI [django.request:228] Not Found: /cart/update
2020-06-01 16:52:03,469 WARNI [django.request:228] Not Found: /cart/update
2020-06-01 16:52:04,180 WARNI [django.request:228] Not Found: /cart/update
2020-06-01 16:52:04,762 WARNI [django.request:228] Not Found: /cart/update
2020-06-01 16:52:14,079 INFO  [cart.views:109] count: b'1'
2020-06-01 16:52:14,082 INFO  [cart.views:109] count: b'1'
2020-06-01 16:52:14,084 INFO  [cart.views:109] count: b'1'
2020-06-01 16:52:14,097 INFO  [cart.views:109] count: b'3'
2020-06-01 16:52:14,100 INFO  [cart.views:109] count: b'2'
2020-06-01 16:52:14,836 INFO  [cart.views:109] count: b'1'
2020-06-01 16:52:14,838 INFO  [cart.views:109] count: b'1'
2020-06-01 16:52:14,841 INFO  [cart.views:109] count: b'1'
2020-06-01 16:52:14,844 INFO  [cart.views:109] count: b'3'
2020-06-01 16:52:14,846 INFO  [cart.views:109] count: b'2'
2020-06-01 16:52:16,973 WARNI [django.request:228] Not Found: /cart/update
2020-06-01 16:52:35,771 WARNI [django.request:102] Method Not Allowed (GET): /cart/add
2020-06-01 16:52:35,774 WARNI [django.request:228] Method Not Allowed: /cart/add
2020-06-01 22:01:53,388 WARNI [django.request:228] Not Found: /cart/update
2020-06-01 22:01:54,028 WARNI [django.request:228] Not Found: /cart/update
2020-06-01 22:01:56,298 WARNI [django.request:228] Not Found: /cart/update
2020-06-01 22:01:56,714 WARNI [django.request:228] Not Found: /cart/update
2020-06-01 22:01:59,434 INFO  [cart.views:109] count: b'1'
2020-06-01 22:01:59,435 INFO  [cart.views:109] count: b'1'
2020-06-01 22:01:59,447 INFO  [cart.views:109] count: b'1'
2020-06-01 22:01:59,449 INFO  [cart.views:109] count: b'3'
2020-06-01 22:01:59,450 INFO  [cart.views:109] count: b'2'
2020-06-01 22:02:02,386 WARNI [django.request:228] Not Found: /cart/update
2020-06-01 22:02:04,392 WARNI [django.request:228] Not Found: /cart/update
2020-06-01 22:02:40,528 INFO  [cart.views:109] count: b'1'
2020-06-01 22:02:40,547 INFO  [cart.views:109] count: b'1'
2020-06-01 22:02:40,549 INFO  [cart.views:109] count: b'1'
2020-06-01 22:02:40,551 INFO  [cart.views:109] count: b'3'
2020-06-01 22:02:40,554 INFO  [cart.views:109] count: b'2'
2020-06-01 22:02:41,949 INFO  [cart.views:109] count: b'1'
2020-06-01 22:02:41,951 INFO  [cart.views:109] count: b'1'
2020-06-01 22:02:41,954 INFO  [cart.views:109] count: b'1'
2020-06-01 22:02:41,956 INFO  [cart.views:109] count: b'3'
2020-06-01 22:02:41,958 INFO  [cart.views:109] count: b'2'
2020-06-01 22:02:43,301 WARNI [django.request:228] Not Found: /cart/update
2020-06-01 22:02:45,207 INFO  [cart.views:109] count: b'1'
2020-06-01 22:02:45,209 INFO  [cart.views:109] count: b'1'
2020-06-01 22:02:45,212 INFO  [cart.views:109] count: b'1'
2020-06-01 22:02:45,214 INFO  [cart.views:109] count: b'3'
2020-06-01 22:02:45,216 INFO  [cart.views:109] count: b'2'
2020-06-01 22:02:46,207 INFO  [cart.views:109] count: b'1'
2020-06-01 22:02:46,209 INFO  [cart.views:109] count: b'1'
2020-06-01 22:02:46,212 INFO  [cart.views:109] count: b'1'
2020-06-01 22:02:46,214 INFO  [cart.views:109] count: b'3'
2020-06-01 22:02:46,217 INFO  [cart.views:109] count: b'2'
2020-06-01 22:03:18,933 INFO  [cart.views:109] count: b'1'
2020-06-01 22:03:18,939 INFO  [cart.views:109] count: b'1'
2020-06-01 22:03:18,940 INFO  [cart.views:109] count: b'1'
2020-06-01 22:03:18,942 INFO  [cart.views:109] count: b'3'
2020-06-01 22:03:18,944 INFO  [cart.views:109] count: b'2'
2020-06-01 22:03:19,990 INFO  [cart.views:109] count: b'1'
2020-06-01 22:03:19,992 INFO  [cart.views:109] count: b'1'
2020-06-01 22:03:19,993 INFO  [cart.views:109] count: b'1'
2020-06-01 22:03:19,995 INFO  [cart.views:109] count: b'3'
2020-06-01 22:03:19,996 INFO  [cart.views:109] count: b'2'
2020-06-01 22:03:20,830 INFO  [cart.views:109] count: b'1'
2020-06-01 22:03:20,832 INFO  [cart.views:109] count: b'1'
2020-06-01 22:03:20,834 INFO  [cart.views:109] count: b'1'
2020-06-01 22:03:20,836 INFO  [cart.views:109] count: b'3'
2020-06-01 22:03:20,837 INFO  [cart.views:109] count: b'2'
2020-06-01 22:03:22,100 WARNI [django.request:228] Not Found: /cart/update
2020-06-01 22:03:23,741 INFO  [cart.views:109] count: b'1'
2020-06-01 22:03:23,742 INFO  [cart.views:109] count: b'1'
2020-06-01 22:03:23,745 INFO  [cart.views:109] count: b'1'
2020-06-01 22:03:23,748 INFO  [cart.views:109] count: b'3'
2020-06-01 22:03:23,750 INFO  [cart.views:109] count: b'2'
2020-06-01 22:03:24,470 INFO  [cart.views:109] count: b'1'
2020-06-01 22:03:24,472 INFO  [cart.views:109] count: b'1'
2020-06-01 22:03:24,474 INFO  [cart.views:109] count: b'1'
2020-06-01 22:03:24,475 INFO  [cart.views:109] count: b'3'
2020-06-01 22:03:24,477 INFO  [cart.views:109] count: b'2'
2020-06-01 22:04:56,962 INFO  [cart.views:109] count: b'1'
2020-06-01 22:04:56,964 INFO  [cart.views:109] count: b'1'
2020-06-01 22:04:56,967 INFO  [cart.views:109] count: b'1'
2020-06-01 22:04:56,969 INFO  [cart.views:109] count: b'3'
2020-06-01 22:04:56,970 INFO  [cart.views:109] count: b'2'
2020-06-01 22:04:57,695 INFO  [cart.views:109] count: b'1'
2020-06-01 22:04:57,697 INFO  [cart.views:109] count: b'1'
2020-06-01 22:04:57,699 INFO  [cart.views:109] count: b'1'
2020-06-01 22:04:57,701 INFO  [cart.views:109] count: b'3'
2020-06-01 22:04:57,704 INFO  [cart.views:109] count: b'2'
2020-06-01 22:04:58,461 INFO  [cart.views:109] count: b'1'
2020-06-01 22:04:58,462 INFO  [cart.views:109] count: b'1'
2020-06-01 22:04:58,465 INFO  [cart.views:109] count: b'1'
2020-06-01 22:04:58,477 INFO  [cart.views:109] count: b'3'
2020-06-01 22:04:58,479 INFO  [cart.views:109] count: b'2'
2020-06-01 22:04:59,017 INFO  [cart.views:109] count: b'1'
2020-06-01 22:04:59,020 INFO  [cart.views:109] count: b'1'
2020-06-01 22:04:59,021 INFO  [cart.views:109] count: b'1'
2020-06-01 22:04:59,024 INFO  [cart.views:109] count: b'3'
2020-06-01 22:04:59,026 INFO  [cart.views:109] count: b'2'
2020-06-01 22:05:02,674 WARNI [django.request:228] Not Found: /cart/update
2020-06-01 22:05:03,214 WARNI [django.request:228] Not Found: /cart/update
2020-06-01 22:05:03,716 WARNI [django.request:228] Not Found: /cart/update
2020-06-01 22:05:03,907 WARNI [django.request:228] Not Found: /cart/update
2020-06-01 22:05:04,566 WARNI [django.request:228] Not Found: /cart/update
2020-06-01 22:05:04,746 WARNI [django.request:228] Not Found: /cart/update
2020-06-01 22:05:21,537 INFO  [django.utils.autoreload:578] Watching for file changes with StatReloader
2020-06-01 22:05:42,059 INFO  [cart.views:109] count: 1
2020-06-01 22:05:42,071 INFO  [cart.views:109] count: 1
2020-06-01 22:05:42,074 INFO  [cart.views:109] count: 1
2020-06-01 22:05:42,076 INFO  [cart.views:109] count: 3
2020-06-01 22:05:42,079 INFO  [cart.views:109] count: 2
2020-06-01 22:05:45,412 INFO  [cart.views:109] count: 1
2020-06-01 22:05:45,415 INFO  [cart.views:109] count: 1
2020-06-01 22:05:45,417 INFO  [cart.views:109] count: 1
2020-06-01 22:05:45,420 INFO  [cart.views:109] count: 3
2020-06-01 22:05:45,422 INFO  [cart.views:109] count: 2
2020-06-01 23:04:34,640 INFO  [django.utils.autoreload:203] D:\sweetshop\apps\cart\urls.py changed, reloading.
2020-06-01 23:04:36,921 INFO  [django.utils.autoreload:578] Watching for file changes with StatReloader
2020-06-01 23:12:32,059 INFO  [cart.views:109] count: 1
2020-06-01 23:12:32,061 INFO  [cart.views:109] count: 1
2020-06-01 23:12:32,062 INFO  [cart.views:109] count: 1
2020-06-01 23:12:32,064 INFO  [cart.views:109] count: 2
2020-06-01 23:12:32,066 INFO  [cart.views:109] count: 2
2020-06-01 23:12:42,970 INFO  [django.utils.autoreload:578] Watching for file changes with StatReloader
2020-06-01 23:15:07,780 INFO  [cart.views:109] count: 1
2020-06-01 23:15:07,783 INFO  [cart.views:109] count: 1
2020-06-01 23:15:07,785 INFO  [cart.views:109] count: 1
2020-06-01 23:15:07,793 INFO  [cart.views:109] count: 2
2020-06-01 23:15:07,795 INFO  [cart.views:109] count: 2
2020-06-01 23:15:09,450 INFO  [cart.views:109] count: 1
2020-06-01 23:15:09,453 INFO  [cart.views:109] count: 1
2020-06-01 23:15:09,455 INFO  [cart.views:109] count: 1
2020-06-01 23:15:09,456 INFO  [cart.views:109] count: 2
2020-06-01 23:15:09,511 INFO  [cart.views:109] count: 2
2020-06-01 23:17:19,692 INFO  [cart.views:109] count: 1
2020-06-01 23:17:19,696 INFO  [cart.views:109] count: 1
2020-06-01 23:17:19,698 INFO  [cart.views:109] count: 1
2020-06-01 23:17:19,700 INFO  [cart.views:109] count: 1
2020-06-01 23:17:19,703 INFO  [cart.views:109] count: 2
2020-06-01 23:17:19,872 INFO  [django.utils.autoreload:203] D:\sweetshop\apps\cart\views.py changed, reloading.
2020-06-01 23:17:21,063 INFO  [django.utils.autoreload:578] Watching for file changes with StatReloader
2020-06-01 23:17:31,288 INFO  [cart.views:202] sku_id: None
2020-06-01 23:17:49,993 INFO  [django.utils.autoreload:203] D:\sweetshop\apps\cart\views.py changed, reloading.
2020-06-01 23:17:51,674 INFO  [django.utils.autoreload:578] Watching for file changes with StatReloader
2020-06-01 23:23:52,071 INFO  [django.utils.autoreload:578] Watching for file changes with StatReloader
2020-06-01 23:25:10,188 INFO  [django.utils.autoreload:578] Watching for file changes with StatReloader
2020-06-01 23:25:30,326 INFO  [django.utils.autoreload:203] D:\sweetshop\apps\cart\views.py changed, reloading.
2020-06-01 23:25:32,024 INFO  [django.utils.autoreload:578] Watching for file changes with StatReloader
2020-06-01 23:28:17,613 INFO  [django.utils.autoreload:578] Watching for file changes with StatReloader
2020-06-01 23:31:14,670 INFO  [goods.views:26] …Ë÷√ª∫¥Ê
2020-06-01 23:31:47,595 INFO  [django.utils.autoreload:203] D:\sweetshop\apps\cart\views.py changed, reloading.
2020-06-01 23:31:48,899 INFO  [django.utils.autoreload:578] Watching for file changes with StatReloader
2020-06-01 23:41:46,982 INFO  [django.utils.autoreload:203] D:\sweetshop\apps\cart\views.py changed, reloading.
2020-06-01 23:41:48,193 INFO  [django.utils.autoreload:578] Watching for file changes with StatReloader
2020-06-01 23:42:58,820 INFO  [cart.views:28] sku_id: 61
2020-06-01 23:45:49,660 INFO  [django.utils.autoreload:578] Watching for file changes with StatReloader
2020-06-01 23:46:42,496 INFO  [django.utils.autoreload:578] Watching for file changes with StatReloader
2020-06-01 23:47:32,558 INFO  [django.utils.autoreload:578] Watching for file changes with StatReloader
2020-06-01 23:47:56,860 INFO  [django.utils.autoreload:578] Watching for file changes with StatReloader
2020-06-02 09:18:09,206 INFO  [django.utils.autoreload:578] Watching for file changes with StatReloader
2020-06-02 09:20:27,341 INFO  [django.utils.autoreload:578] Watching for file changes with StatReloader
2020-06-02 09:21:27,534 INFO  [goods.views:26] …Ë÷√ª∫¥Ê
2020-06-02 09:21:44,823 INFO  [user.views:146] username:admin
2020-06-02 09:21:44,823 INFO  [user.views:147] password:admin
2020-06-02 09:21:45,884 ERROR [django.request:228] Internal Server Error: /cart/
Traceback (most recent call last):
  File "C:\Python3\lib\site-packages\django\core\handlers\exception.py", line 34, in inner
    response = get_response(request)
  File "C:\Python3\lib\site-packages\django\core\handlers\base.py", line 115, in _get_response
    response = self.process_exception_by_middleware(e, request)
  File "C:\Python3\lib\site-packages\django\core\handlers\base.py", line 113, in _get_response
    response = wrapped_callback(request, *callback_args, **callback_kwargs)
  File "C:\Python3\lib\site-packages\django\contrib\auth\decorators.py", line 21, in _wrapped_view
    return view_func(request, *args, **kwargs)
  File "C:\Python3\lib\site-packages\django\views\generic\base.py", line 71, in view
    return self.dispatch(request, *args, **kwargs)
  File "C:\Python3\lib\site-packages\django\views\generic\base.py", line 97, in dispatch
    return handler(request, *args, **kwargs)
  File "D:\sweetshop\apps\cart\views.py", line 116, in get
    return render(request, 'cart.html', context)
  File "C:\Python3\lib\site-packages\django\shortcuts.py", line 36, in render
    content = loader.render_to_string(template_name, context, request, using=using)
  File "C:\Python3\lib\site-packages\django\template\loader.py", line 62, in render_to_string
    return template.render(context, request)
  File "C:\Python3\lib\site-packages\django\template\backends\django.py", line 61, in render
    return self.template.render(context)
  File "C:\Python3\lib\site-packages\django\template\base.py", line 171, in render
    return self._render(context)
  File "C:\Python3\lib\site-packages\django\template\base.py", line 163, in _render
    return self.nodelist.render(context)
  File "C:\Python3\lib\site-packages\django\template\base.py", line 937, in render
    bit = node.render_annotated(context)
  File "C:\Python3\lib\site-packages\django\template\base.py", line 904, in render_annotated
    return self.render(context)
  File "C:\Python3\lib\site-packages\django\template\loader_tags.py", line 150, in render
    return compiled_parent._render(context)
  File "C:\Python3\lib\site-packages\django\template\base.py", line 163, in _render
    return self.nodelist.render(context)
  File "C:\Python3\lib\site-packages\django\template\base.py", line 937, in render
    bit = node.render_annotated(context)
  File "C:\Python3\lib\site-packages\django\template\base.py", line 904, in render_annotated
    return self.render(context)
  File "C:\Python3\lib\site-packages\django\template\loader_tags.py", line 150, in render
    return compiled_parent._render(context)
  File "C:\Python3\lib\site-packages\django\template\base.py", line 163, in _render
    return self.nodelist.render(context)
  File "C:\Python3\lib\site-packages\django\template\base.py", line 937, in render
    bit = node.render_annotated(context)
  File "C:\Python3\lib\site-packages\django\template\base.py", line 904, in render_annotated
    return self.render(context)
  File "C:\Python3\lib\site-packages\django\template\loader_tags.py", line 62, in render
    result = block.nodelist.render(context)
  File "C:\Python3\lib\site-packages\django\template\base.py", line 937, in render
    bit = node.render_annotated(context)
  File "C:\Python3\lib\site-packages\django\template\base.py", line 904, in render_annotated
    return self.render(context)
  File "C:\Python3\lib\site-packages\django\template\defaulttags.py", line 443, in render
    url = reverse(view_name, args=args, kwargs=kwargs, current_app=current_app)
  File "C:\Python3\lib\site-packages\django\urls\base.py", line 90, in reverse
    return iri_to_uri(resolver._reverse_with_prefix(view, prefix, *args, **kwargs))
  File "C:\Python3\lib\site-packages\django\urls\resolvers.py", line 660, in _reverse_with_prefix
    raise NoReverseMatch(msg)
django.urls.exceptions.NoReverseMatch: Reverse for 'place' not found. 'place' is not a valid view function or pattern name.
2020-06-02 09:21:46,527 WARNI [django.request:228] Not Found: /favicon.ico
2020-06-02 09:22:34,906 ERROR [django.request:228] Internal Server Error: /cart/
Traceback (most recent call last):
  File "C:\Python3\lib\site-packages\django\core\handlers\exception.py", line 34, in inner
    response = get_response(request)
  File "C:\Python3\lib\site-packages\django\core\handlers\base.py", line 115, in _get_response
    response = self.process_exception_by_middleware(e, request)
  File "C:\Python3\lib\site-packages\django\core\handlers\base.py", line 113, in _get_response
    response = wrapped_callback(request, *callback_args, **callback_kwargs)
  File "C:\Python3\lib\site-packages\django\contrib\auth\decorators.py", line 21, in _wrapped_view
    return view_func(request, *args, **kwargs)
  File "C:\Python3\lib\site-packages\django\views\generic\base.py", line 71, in view
    return self.dispatch(request, *args, **kwargs)
  File "C:\Python3\lib\site-packages\django\views\generic\base.py", line 97, in dispatch
    return handler(request, *args, **kwargs)
  File "D:\sweetshop\apps\cart\views.py", line 116, in get
    return render(request, 'cart.html', context)
  File "C:\Python3\lib\site-packages\django\shortcuts.py", line 36, in render
    content = loader.render_to_string(template_name, context, request, using=using)
  File "C:\Python3\lib\site-packages\django\template\loader.py", line 62, in render_to_string
    return template.render(context, request)
  File "C:\Python3\lib\site-packages\django\template\backends\django.py", line 61, in render
    return self.template.render(context)
  File "C:\Python3\lib\site-packages\django\template\base.py", line 171, in render
    return self._render(context)
  File "C:\Python3\lib\site-packages\django\template\base.py", line 163, in _render
    return self.nodelist.render(context)
  File "C:\Python3\lib\site-packages\django\template\base.py", line 937, in render
    bit = node.render_annotated(context)
  File "C:\Python3\lib\site-packages\django\template\base.py", line 904, in render_annotated
    return self.render(context)
  File "C:\Python3\lib\site-packages\django\template\loader_tags.py", line 150, in render
    return compiled_parent._render(context)
  File "C:\Python3\lib\site-packages\django\template\base.py", line 163, in _render
    return self.nodelist.render(context)
  File "C:\Python3\lib\site-packages\django\template\base.py", line 937, in render
    bit = node.render_annotated(context)
  File "C:\Python3\lib\site-packages\django\template\base.py", line 904, in render_annotated
    return self.render(context)
  File "C:\Python3\lib\site-packages\django\template\loader_tags.py", line 150, in render
    return compiled_parent._render(context)
  File "C:\Python3\lib\site-packages\django\template\base.py", line 163, in _render
    return self.nodelist.render(context)
  File "C:\Python3\lib\site-packages\django\template\base.py", line 937, in render
    bit = node.render_annotated(context)
  File "C:\Python3\lib\site-packages\django\template\base.py", line 904, in render_annotated
    return self.render(context)
  File "C:\Python3\lib\site-packages\django\template\loader_tags.py", line 62, in render
    result = block.nodelist.render(context)
  File "C:\Python3\lib\site-packages\django\template\base.py", line 937, in render
    bit = node.render_annotated(context)
  File "C:\Python3\lib\site-packages\django\template\base.py", line 904, in render_annotated
    return self.render(context)
  File "C:\Python3\lib\site-packages\django\template\defaulttags.py", line 443, in render
    url = reverse(view_name, args=args, kwargs=kwargs, current_app=current_app)
  File "C:\Python3\lib\site-packages\django\urls\base.py", line 90, in reverse
    return iri_to_uri(resolver._reverse_with_prefix(view, prefix, *args, **kwargs))
  File "C:\Python3\lib\site-packages\django\urls\resolvers.py", line 660, in _reverse_with_prefix
    raise NoReverseMatch(msg)
django.urls.exceptions.NoReverseMatch: Reverse for 'place' not found. 'place' is not a valid view function or pattern name.
2020-06-02 09:24:45,197 ERROR [django.request:228] Internal Server Error: /cart/
Traceback (most recent call last):
  File "C:\Python3\lib\site-packages\django\core\handlers\exception.py", line 34, in inner
    response = get_response(request)
  File "C:\Python3\lib\site-packages\django\core\handlers\base.py", line 115, in _get_response
    response = self.process_exception_by_middleware(e, request)
  File "C:\Python3\lib\site-packages\django\core\handlers\base.py", line 113, in _get_response
    response = wrapped_callback(request, *callback_args, **callback_kwargs)
  File "C:\Python3\lib\site-packages\django\contrib\auth\decorators.py", line 21, in _wrapped_view
    return view_func(request, *args, **kwargs)
  File "C:\Python3\lib\site-packages\django\views\generic\base.py", line 71, in view
    return self.dispatch(request, *args, **kwargs)
  File "C:\Python3\lib\site-packages\django\views\generic\base.py", line 97, in dispatch
    return handler(request, *args, **kwargs)
  File "D:\sweetshop\apps\cart\views.py", line 116, in get
    return render(request, 'cart.html', context)
  File "C:\Python3\lib\site-packages\django\shortcuts.py", line 36, in render
    content = loader.render_to_string(template_name, context, request, using=using)
  File "C:\Python3\lib\site-packages\django\template\loader.py", line 62, in render_to_string
    return template.render(context, request)
  File "C:\Python3\lib\site-packages\django\template\backends\django.py", line 61, in render
    return self.template.render(context)
  File "C:\Python3\lib\site-packages\django\template\base.py", line 171, in render
    return self._render(context)
  File "C:\Python3\lib\site-packages\django\template\base.py", line 163, in _render
    return self.nodelist.render(context)
  File "C:\Python3\lib\site-packages\django\template\base.py", line 937, in render
    bit = node.render_annotated(context)
  File "C:\Python3\lib\site-packages\django\template\base.py", line 904, in render_annotated
    return self.render(context)
  File "C:\Python3\lib\site-packages\django\template\loader_tags.py", line 150, in render
    return compiled_parent._render(context)
  File "C:\Python3\lib\site-packages\django\template\base.py", line 163, in _render
    return self.nodelist.render(context)
  File "C:\Python3\lib\site-packages\django\template\base.py", line 937, in render
    bit = node.render_annotated(context)
  File "C:\Python3\lib\site-packages\django\template\base.py", line 904, in render_annotated
    return self.render(context)
  File "C:\Python3\lib\site-packages\django\template\loader_tags.py", line 150, in render
    return compiled_parent._render(context)
  File "C:\Python3\lib\site-packages\django\template\base.py", line 163, in _render
    return self.nodelist.render(context)
  File "C:\Python3\lib\site-packages\django\template\base.py", line 937, in render
    bit = node.render_annotated(context)
  File "C:\Python3\lib\site-packages\django\template\base.py", line 904, in render_annotated
    return self.render(context)
  File "C:\Python3\lib\site-packages\django\template\loader_tags.py", line 62, in render
    result = block.nodelist.render(context)
  File "C:\Python3\lib\site-packages\django\template\base.py", line 937, in render
    bit = node.render_annotated(context)
  File "C:\Python3\lib\site-packages\django\template\base.py", line 904, in render_annotated
    return self.render(context)
  File "C:\Python3\lib\site-packages\django\template\defaulttags.py", line 443, in render
    url = reverse(view_name, args=args, kwargs=kwargs, current_app=current_app)
  File "C:\Python3\lib\site-packages\django\urls\base.py", line 90, in reverse
    return iri_to_uri(resolver._reverse_with_prefix(view, prefix, *args, **kwargs))
  File "C:\Python3\lib\site-packages\django\urls\resolvers.py", line 660, in _reverse_with_prefix
    raise NoReverseMatch(msg)
django.urls.exceptions.NoReverseMatch: Reverse for 'place' not found. 'place' is not a valid view function or pattern name.
2020-06-02 09:24:45,598 INFO  [django.utils.autoreload:203] D:\sweetshop\apps\order\urls.py changed, reloading.
2020-06-02 09:24:46,904 INFO  [django.utils.autoreload:578] Watching for file changes with StatReloader
2020-06-02 09:24:51,994 INFO  [django.utils.autoreload:578] Watching for file changes with StatReloader
2020-06-02 09:36:32,914 INFO  [django.utils.autoreload:203] D:\sweetshop\apps\cart\views.py changed, reloading.
2020-06-02 09:36:34,735 INFO  [django.utils.autoreload:578] Watching for file changes with StatReloader
2020-06-02 09:36:44,442 INFO  [django.utils.autoreload:578] Watching for file changes with StatReloader
2020-06-02 09:39:14,971 INFO  [django.utils.autoreload:578] Watching for file changes with StatReloader
2020-06-02 09:43:30,247 INFO  [django.utils.autoreload:578] Watching for file changes with StatReloader
2020-06-02 09:55:42,792 INFO  [django.utils.autoreload:203] D:\sweetshop\apps\goods\views.py changed, reloading.
2020-06-02 09:55:44,227 INFO  [django.utils.autoreload:578] Watching for file changes with StatReloader
